<?xml version="1.0" encoding="UTF-8"?>
<!-- Generated by org.testng.reporters.JUnitXMLReporter -->
<testsuite ignored="1" hostname="Jitendras-MacBook-Air.local" failures="2" tests="2" name="Test" time="12.064" errors="0" timestamp="2022-09-26T17:28:14 EDT">
  <testcase classname="com.firebase.test.tests.AutomationScripts" name="TestID_1LoginErrorMessage" time="0.775">
    <failure type="org.openqa.selenium.StaleElementReferenceException" message="The element reference of &amp;lt;input id=&amp;quot;Login&amp;quot; class=&amp;quot;button r4 wide primary&amp;quot; name=&amp;quot;Login&amp;quot; type=&amp;quot;submit&amp;quot;&amp;gt; is stale; either the element is no longer attached to the DOM, it is not in the current frame context, or the document has been refreshed
For documentation on this error, please visit: https://selenium.dev/exceptions/#stale_element_reference
Build info: version: &amp;apos;4.4.0&amp;apos;, revision: &amp;apos;e5c75ed026a&amp;apos;
System info: host: &amp;apos;Jitendras-MacBook-Air.local&amp;apos;, ip: &amp;apos;2601:84:8801:82c0:88a9:63ab:39ed:f6b5%en0&amp;apos;, os.name: &amp;apos;Mac OS X&amp;apos;, os.arch: &amp;apos;x86_64&amp;apos;, os.version: &amp;apos;12.0.1&amp;apos;, java.version: &amp;apos;17.0.3&amp;apos;
Driver info: org.openqa.selenium.firefox.FirefoxDriver
Command: [bf317e4e-7c5d-4436-a69c-4a195ab4ec3f, isElementDisplayed {id=d4109865-ff28-4ed3-ab61-a91c08b3f3e6}]
Capabilities {acceptInsecureCerts: true, browserName: firefox, browserVersion: 104.0.2, moz:accessibilityChecks: false, moz:buildID: 20220902153754, moz:debuggerAddress: localhost:58679, moz:geckodriverVersion: 0.31.0, moz:headless: false, moz:platformVersion: 21.1.0, moz:processID: 3137, moz:profile: /var/folders/yg/swgt2fds51s..., moz:shutdownTimeout: 60000, moz:useNonSpecCompliantPointerOrigin: false, moz:webdriverClick: true, moz:windowless: false, pageLoadStrategy: normal, platformName: MAC, proxy: Proxy(), se:cdp: ws://localhost:58679/devtoo..., se:cdpVersion: 85.0, setWindowRect: true, strictFileInteractability: false, timeouts: {implicit: 0, pageLoad: 300000, script: 30000}, unhandledPromptBehavior: dismiss and notify}
Element: [[FirefoxDriver: firefox on MAC (bf317e4e-7c5d-4436-a69c-4a195ab4ec3f)] -&amp;gt; id: Login]
Session ID: bf317e4e-7c5d-4436-a69c-4a195ab4ec3f">
      <![CDATA[org.openqa.selenium.StaleElementReferenceException: The element reference of <input id="Login" class="button r4 wide primary" name="Login" type="submit"> is stale; either the element is no longer attached to the DOM, it is not in the current frame context, or the document has been refreshed
For documentation on this error, please visit: https://selenium.dev/exceptions/#stale_element_reference
Build info: version: '4.4.0', revision: 'e5c75ed026a'
System info: host: 'Jitendras-MacBook-Air.local', ip: '2601:84:8801:82c0:88a9:63ab:39ed:f6b5%en0', os.name: 'Mac OS X', os.arch: 'x86_64', os.version: '12.0.1', java.version: '17.0.3'
Driver info: org.openqa.selenium.firefox.FirefoxDriver
Command: [bf317e4e-7c5d-4436-a69c-4a195ab4ec3f, isElementDisplayed {id=d4109865-ff28-4ed3-ab61-a91c08b3f3e6}]
Capabilities {acceptInsecureCerts: true, browserName: firefox, browserVersion: 104.0.2, moz:accessibilityChecks: false, moz:buildID: 20220902153754, moz:debuggerAddress: localhost:58679, moz:geckodriverVersion: 0.31.0, moz:headless: false, moz:platformVersion: 21.1.0, moz:processID: 3137, moz:profile: /var/folders/yg/swgt2fds51s..., moz:shutdownTimeout: 60000, moz:useNonSpecCompliantPointerOrigin: false, moz:webdriverClick: true, moz:windowless: false, pageLoadStrategy: normal, platformName: MAC, proxy: Proxy(), se:cdp: ws://localhost:58679/devtoo..., se:cdpVersion: 85.0, setWindowRect: true, strictFileInteractability: false, timeouts: {implicit: 0, pageLoad: 300000, script: 30000}, unhandledPromptBehavior: dismiss and notify}
Element: [[FirefoxDriver: firefox on MAC (bf317e4e-7c5d-4436-a69c-4a195ab4ec3f)] -> id: Login]
Session ID: bf317e4e-7c5d-4436-a69c-4a195ab4ec3f
at org.openqa.selenium.remote.codec.w3c.W3CHttpResponseCodec.createException(W3CHttpResponseCodec.java:200)
at org.openqa.selenium.remote.codec.w3c.W3CHttpResponseCodec.decode(W3CHttpResponseCodec.java:133)
at org.openqa.selenium.remote.codec.w3c.W3CHttpResponseCodec.decode(W3CHttpResponseCodec.java:53)
at org.openqa.selenium.remote.HttpCommandExecutor.execute(HttpCommandExecutor.java:184)
at org.openqa.selenium.remote.service.DriverCommandExecutor.invokeExecute(DriverCommandExecutor.java:167)
at org.openqa.selenium.remote.service.DriverCommandExecutor.execute(DriverCommandExecutor.java:142)
at org.openqa.selenium.remote.RemoteWebDriver.execute(RemoteWebDriver.java:547)
at org.openqa.selenium.remote.RemoteWebElement.execute(RemoteWebElement.java:257)
at org.openqa.selenium.remote.RemoteWebElement.isDisplayed(RemoteWebElement.java:313)
at org.openqa.selenium.support.ui.ExpectedConditions.elementIfVisible(ExpectedConditions.java:307)
at org.openqa.selenium.support.ui.ExpectedConditions.access$000(ExpectedConditions.java:40)
at org.openqa.selenium.support.ui.ExpectedConditions$10.apply(ExpectedConditions.java:293)
at org.openqa.selenium.support.ui.ExpectedConditions$10.apply(ExpectedConditions.java:290)
at org.openqa.selenium.support.ui.ExpectedConditions$23.apply(ExpectedConditions.java:660)
at org.openqa.selenium.support.ui.ExpectedConditions$23.apply(ExpectedConditions.java:656)
at org.openqa.selenium.support.ui.FluentWait.until(FluentWait.java:208)
at com.firebase.test.base.BaseTest.waitUntilElementToBeClickable(BaseTest.java:182)
at com.firebase.test.base.BaseTest.clickElement(BaseTest.java:122)
at com.firebase.test.tests.AutomationScripts.TestID_1LoginErrorMessage(AutomationScripts.java:45)
at java.base/java.util.ArrayList.forEach(ArrayList.java:1511)
... Removed 32 stack frames]]>
    </failure>
  </testcase> <!-- TestID_1LoginErrorMessage -->
  <testcase classname="com.firebase.test.tests.AutomationScripts" name="TestID_2LoginToSalesForce" time="4.44">
    <failure type="org.openqa.selenium.StaleElementReferenceException" message="The element reference of &amp;lt;input id=&amp;quot;Login&amp;quot; class=&amp;quot;button r4 wide primary&amp;quot; name=&amp;quot;Login&amp;quot; type=&amp;quot;submit&amp;quot;&amp;gt; is stale; either the element is no longer attached to the DOM, it is not in the current frame context, or the document has been refreshed
For documentation on this error, please visit: https://selenium.dev/exceptions/#stale_element_reference
Build info: version: &amp;apos;4.4.0&amp;apos;, revision: &amp;apos;e5c75ed026a&amp;apos;
System info: host: &amp;apos;Jitendras-MacBook-Air.local&amp;apos;, ip: &amp;apos;2601:84:8801:82c0:88a9:63ab:39ed:f6b5%en0&amp;apos;, os.name: &amp;apos;Mac OS X&amp;apos;, os.arch: &amp;apos;x86_64&amp;apos;, os.version: &amp;apos;12.0.1&amp;apos;, java.version: &amp;apos;17.0.3&amp;apos;
Driver info: org.openqa.selenium.firefox.FirefoxDriver
Command: [cd2ec673-37a3-4fb2-b685-0f27d7505871, isElementDisplayed {id=fbd3b032-790e-41b6-b907-ad81ad0b3d78}]
Capabilities {acceptInsecureCerts: true, browserName: firefox, browserVersion: 104.0.2, moz:accessibilityChecks: false, moz:buildID: 20220902153754, moz:debuggerAddress: localhost:52277, moz:geckodriverVersion: 0.31.0, moz:headless: false, moz:platformVersion: 21.1.0, moz:processID: 3148, moz:profile: /var/folders/yg/swgt2fds51s..., moz:shutdownTimeout: 60000, moz:useNonSpecCompliantPointerOrigin: false, moz:webdriverClick: true, moz:windowless: false, pageLoadStrategy: normal, platformName: MAC, proxy: Proxy(), se:cdp: ws://localhost:52277/devtoo..., se:cdpVersion: 85.0, setWindowRect: true, strictFileInteractability: false, timeouts: {implicit: 0, pageLoad: 300000, script: 30000}, unhandledPromptBehavior: dismiss and notify}
Element: [[FirefoxDriver: firefox on MAC (cd2ec673-37a3-4fb2-b685-0f27d7505871)] -&amp;gt; id: Login]
Session ID: cd2ec673-37a3-4fb2-b685-0f27d7505871">
      <![CDATA[org.openqa.selenium.StaleElementReferenceException: The element reference of <input id="Login" class="button r4 wide primary" name="Login" type="submit"> is stale; either the element is no longer attached to the DOM, it is not in the current frame context, or the document has been refreshed
For documentation on this error, please visit: https://selenium.dev/exceptions/#stale_element_reference
Build info: version: '4.4.0', revision: 'e5c75ed026a'
System info: host: 'Jitendras-MacBook-Air.local', ip: '2601:84:8801:82c0:88a9:63ab:39ed:f6b5%en0', os.name: 'Mac OS X', os.arch: 'x86_64', os.version: '12.0.1', java.version: '17.0.3'
Driver info: org.openqa.selenium.firefox.FirefoxDriver
Command: [cd2ec673-37a3-4fb2-b685-0f27d7505871, isElementDisplayed {id=fbd3b032-790e-41b6-b907-ad81ad0b3d78}]
Capabilities {acceptInsecureCerts: true, browserName: firefox, browserVersion: 104.0.2, moz:accessibilityChecks: false, moz:buildID: 20220902153754, moz:debuggerAddress: localhost:52277, moz:geckodriverVersion: 0.31.0, moz:headless: false, moz:platformVersion: 21.1.0, moz:processID: 3148, moz:profile: /var/folders/yg/swgt2fds51s..., moz:shutdownTimeout: 60000, moz:useNonSpecCompliantPointerOrigin: false, moz:webdriverClick: true, moz:windowless: false, pageLoadStrategy: normal, platformName: MAC, proxy: Proxy(), se:cdp: ws://localhost:52277/devtoo..., se:cdpVersion: 85.0, setWindowRect: true, strictFileInteractability: false, timeouts: {implicit: 0, pageLoad: 300000, script: 30000}, unhandledPromptBehavior: dismiss and notify}
Element: [[FirefoxDriver: firefox on MAC (cd2ec673-37a3-4fb2-b685-0f27d7505871)] -> id: Login]
Session ID: cd2ec673-37a3-4fb2-b685-0f27d7505871
at org.openqa.selenium.remote.codec.w3c.W3CHttpResponseCodec.createException(W3CHttpResponseCodec.java:200)
at org.openqa.selenium.remote.codec.w3c.W3CHttpResponseCodec.decode(W3CHttpResponseCodec.java:133)
at org.openqa.selenium.remote.codec.w3c.W3CHttpResponseCodec.decode(W3CHttpResponseCodec.java:53)
at org.openqa.selenium.remote.HttpCommandExecutor.execute(HttpCommandExecutor.java:184)
at org.openqa.selenium.remote.service.DriverCommandExecutor.invokeExecute(DriverCommandExecutor.java:167)
at org.openqa.selenium.remote.service.DriverCommandExecutor.execute(DriverCommandExecutor.java:142)
at org.openqa.selenium.remote.RemoteWebDriver.execute(RemoteWebDriver.java:547)
at org.openqa.selenium.remote.RemoteWebElement.execute(RemoteWebElement.java:257)
at org.openqa.selenium.remote.RemoteWebElement.isDisplayed(RemoteWebElement.java:313)
at org.openqa.selenium.support.ui.ExpectedConditions.elementIfVisible(ExpectedConditions.java:307)
at org.openqa.selenium.support.ui.ExpectedConditions.access$000(ExpectedConditions.java:40)
at org.openqa.selenium.support.ui.ExpectedConditions$10.apply(ExpectedConditions.java:293)
at org.openqa.selenium.support.ui.ExpectedConditions$10.apply(ExpectedConditions.java:290)
at org.openqa.selenium.support.ui.ExpectedConditions$23.apply(ExpectedConditions.java:660)
at org.openqa.selenium.support.ui.ExpectedConditions$23.apply(ExpectedConditions.java:656)
at org.openqa.selenium.support.ui.FluentWait.until(FluentWait.java:208)
at com.firebase.test.base.BaseTest.waitUntilElementToBeClickable(BaseTest.java:182)
at com.firebase.test.base.BaseTest.clickElement(BaseTest.java:122)
at com.firebase.test.base.BaseTest.loginToSalesForce(BaseTest.java:85)
at com.firebase.test.tests.AutomationScripts.TestID_2LoginToSalesForce(AutomationScripts.java:51)
at java.base/java.util.ArrayList.forEach(ArrayList.java:1511)
... Removed 32 stack frames]]>
    </failure>
  </testcase> <!-- TestID_2LoginToSalesForce -->
  <testcase classname="com.firebase.test.tests.AutomationScripts" name="TestID_3CheckRemeberMe" time="0.0">
    <ignored/>
  </testcase> <!-- TestID_3CheckRemeberMe -->
</testsuite> <!-- Test -->
