<?xml version="1.0" encoding="UTF-8"?>
<!-- Generated by org.testng.reporters.JUnitXMLReporter -->
<testsuite ignored="4" hostname="Jitendras-MacBook-Air.local" failures="0" tests="1" name="Regression" time="6.506" errors="0" timestamp="2022-09-30T10:55:51 EDT">
  <testcase classname="com.firebase.test.tests.AutomationScripts" name="TestID_1LoginErrorMessage" time="0.712"/>
  <testcase classname="com.firebase.test.tests.AutomationScripts" name="TestID_3CheckRemeberMe" time="0.0">
    <ignored/>
  </testcase> <!-- TestID_3CheckRemeberMe -->
  <testcase classname="com.firebase.test.tests.AutomationScripts" name="TestID_2LoginToSalesForce" time="0.0">
    <ignored/>
  </testcase> <!-- TestID_2LoginToSalesForce -->
  <testcase classname="com.firebase.test.tests.AutomationScripts" name="TestID_4BForgotPassword" time="0.0">
    <ignored/>
  </testcase> <!-- TestID_4BForgotPassword -->
  <testcase classname="com.firebase.test.tests.AutomationScripts" name="TestID_4AForgotPassword" time="0.0">
    <ignored/>
  </testcase> <!-- TestID_4AForgotPassword -->
</testsuite> <!-- Regression -->
