<?xml version="1.0" encoding="UTF-8"?>
<!-- Generated by org.testng.reporters.JUnitXMLReporter -->
<testsuite ignored="0" hostname="Jitendras-MacBook-Air.local" failures="0" tests="5" name="Default test" time="3.948" errors="0" timestamp="2022-10-20T23:23:10 EDT">
  <testcase classname="com.test.tests.EmployeeApiTestScriptE2E" name="TC_001" time="1.502"/>
  <testcase classname="com.test.tests.EmployeeApiTestScriptE2E" name="TC_002_addUserData" time="0.454"/>
  <testcase classname="com.test.tests.EmployeeApiTestScriptE2E" name="TC_003" time="0.511"/>
  <testcase classname="com.test.tests.EmployeeApiTestScriptE2E" name="TC_004" time="0.611"/>
  <testcase classname="com.test.tests.EmployeeApiTestScriptE2E" name="TC_005" time="0.609"/>
</testsuite> <!-- Default test -->
